<?xml version="1.0" encoding="UTF-8" ?>
<testsuite tests="10" failures="0" name="Prueba1B2024B.ReservaDAOTest" time="3.915" errors="0" skipped="0">
  <properties>
    <property name="idea.version" value="2024.2.3"/>
    <property name="java.runtime.name" value="OpenJDK Runtime Environment"/>
    <property name="java.vm.version" value="17.0.13+11-LTS"/>
    <property name="sun.boot.library.path" value="C:\Users\tandr\.jdks\corretto-17.0.13\bin"/>
    <property name="maven.multiModuleProjectDirectory" value="C:\Users\tandr\OneDrive\Documentos\GitHub\GR04_1BP2_622_24B"/>
    <property name="java.vm.vendor" value="Amazon.com Inc."/>
    <property name="java.vendor.url" value="https://aws.amazon.com/corretto/"/>
    <property name="guice.disable.misplaced.annotation.check" value="true"/>
    <property name="path.separator" value=";"/>
    <property name="java.vm.name" value="OpenJDK 64-Bit Server VM"/>
    <property name="sun.os.patch.level" value=""/>
    <property name="user.script" value=""/>
    <property name="user.country" value="EC"/>
    <property name="sun.java.launcher" value="SUN_STANDARD"/>
    <property name="java.vm.specification.name" value="Java Virtual Machine Specification"/>
    <property name="user.dir" value="C:\Users\tandr\OneDrive\Documentos\GitHub\GR04_1BP2_622_24B"/>
    <property name="java.vm.compressedOopsMode" value="Zero based"/>
    <property name="java.runtime.version" value="17.0.13+11-LTS"/>
    <property name="os.arch" value="amd64"/>
    <property name="java.io.tmpdir" value="C:\Users\tandr\AppData\Local\Temp\"/>
    <property name="line.separator" value="
"/>
    <property name="java.vm.specification.vendor" value="Oracle Corporation"/>
    <property name="user.variant" value=""/>
    <property name="os.name" value="Windows 11"/>
    <property name="maven.ext.class.path" value="C:\Program Files\JetBrains\IntelliJ IDEA 2024.2.3\plugins\maven\lib\maven-event-listener.jar"/>
    <property name="classworlds.conf" value="C:\Users\tandr\.m2\wrapper\dists\apache-maven-3.8.5-bin\5i5jha092a3i37g0paqnfr15e0\apache-maven-3.8.5\bin\m2.conf"/>
    <property name="sun.jnu.encoding" value="Cp1252"/>
    <property name="java.library.path" value="C:\Users\tandr\.jdks\corretto-17.0.13\bin;C:\Windows\Sun\Java\bin;C:\Windows\system32;C:\Windows;C:\Program Files\Java\jdk-21\bin;C:\Program Files (x86)\Common Files\Oracle\Java\java8path;C:\Program Files (x86)\Common Files\Oracle\Java\javapath;C:\Windows\system32;C:\Windows;C:\Windows\System32\Wbem;C:\Windows\System32\WindowsPowerShell\v1.0\;C:\Windows\System32\OpenSSH\;C:\Program Files\nodejs\;C:\Program Files (x86)\Go\bin;C:\Program Files\dotnet\;C:\Program Files\Microsoft SQL Server\150\Tools\Binn\;C:\Program Files\Microsoft SQL Server\Client SDK\ODBC\170\Tools\Binn\;C:\Program Files (x86)\Windows Kits\10\Windows Performance Toolkit\;C:\Program Files\Microsoft SQL Server\Client SDK\ODBC\130\Tools\Binn\;C:\Program Files (x86)\Microsoft SQL Server\Client SDK\ODBC\130\Tools\Binn\;C:\Program Files (x86)\Microsoft SQL Server\140\Tools\Binn\;C:\Program Files (x86)\Microsoft SQL Server\140\DTS\Binn\;C:\Program Files (x86)\Microsoft SQL Server\140\Tools\Binn\ManagementStudio\;C:\Program Files (x86)\Microsoft SQL Server\160\DTS\Binn\;C:\Program Files\Azure Data Studio\bin;C:\Program Files (x86)\Java\jre-1.8\bin;C:\Program Files\Git\cmd;C:\Program Files\Docker\Docker\resources\bin;C:\Program Files\Java\jdk-21\bin;C:\Users\tandr\AppData\Local\Programs\Python\Python312\;C:\Users\tandr\AppData\Local\Microsoft\WindowsApps;C:\Users\tandr\AppData\Roaming\npm;C:\Users\tandr\AppData\Local\Programs\Microsoft VS Code\bin;C:\Users\tandr\AppData\Local\Programs\Python\Python312;C:\Users\tandr\AppData\Local\GitHubDesktop\bin;C:\Users\tandr\go\bin;C:\Users\tandr\.dotnet\tools;C:\Program Files\Azure Data Studio\bin;;."/>
    <property name="jansi.passthrough" value="true"/>
    <property name="maven.conf" value="C:\Users\tandr\.m2\wrapper\dists\apache-maven-3.8.5-bin\5i5jha092a3i37g0paqnfr15e0\apache-maven-3.8.5/conf"/>
    <property name="jdk.debug" value="release"/>
    <property name="java.class.version" value="61.0"/>
    <property name="java.specification.name" value="Java Platform API Specification"/>
    <property name="sun.management.compiler" value="HotSpot 64-Bit Tiered Compilers"/>
    <property name="os.version" value="10.0"/>
    <property name="user.home" value="C:\Users\tandr"/>
    <property name="user.timezone" value="America/Guayaquil"/>
    <property name="file.encoding" value="UTF-8"/>
    <property name="java.specification.version" value="17"/>
    <property name="user.name" value="tandr"/>
    <property name="java.class.path" value="C:\Users\tandr\.m2\wrapper\dists\apache-maven-3.8.5-bin\5i5jha092a3i37g0paqnfr15e0\apache-maven-3.8.5\boot\plexus-classworlds-2.6.0.jar;C:\Users\tandr\.m2\wrapper\dists\apache-maven-3.8.5-bin\5i5jha092a3i37g0paqnfr15e0\apache-maven-3.8.5\boot\plexus-classworlds.license"/>
    <property name="java.vm.specification.version" value="17"/>
    <property name="sun.arch.data.model" value="64"/>
    <property name="sun.java.command" value="org.codehaus.classworlds.Launcher -Didea.version=2024.2.3 test"/>
    <property name="java.home" value="C:\Users\tandr\.jdks\corretto-17.0.13"/>
    <property name="user.language" value="es"/>
    <property name="java.specification.vendor" value="Oracle Corporation"/>
    <property name="java.vm.info" value="mixed mode, sharing"/>
    <property name="java.version" value="17.0.13"/>
    <property name="native.encoding" value="Cp1252"/>
    <property name="java.vendor" value="Amazon.com Inc."/>
    <property name="java.specification.maintenance.version" value="1"/>
    <property name="maven.home" value="C:\Users\tandr\.m2\wrapper\dists\apache-maven-3.8.5-bin\5i5jha092a3i37g0paqnfr15e0\apache-maven-3.8.5"/>
    <property name="file.separator" value="\"/>
    <property name="java.version.date" value="2024-10-15"/>
    <property name="java.vendor.url.bug" value="https://github.com/corretto/corretto-17/issues/"/>
    <property name="sun.io.unicode.encoding" value="UnicodeLittle"/>
    <property name="sun.cpu.endian" value="little"/>
    <property name="java.vendor.version" value="Corretto-17.0.13.11.1"/>
    <property name="sun.cpu.isalist" value="amd64"/>
  </properties>
  <testcase classname="Prueba1B2024B.ReservaDAOTest" name="given_NonExistentReserva_when_Delete_then_ExceptionIsThrown" time="0.516"/>
  <testcase classname="Prueba1B2024B.ReservaDAOTest" name="given_Reserva_when_Delete_then_ReservaIsDeletedSuccessfully" time="0.427"/>
  <testcase classname="Prueba1B2024B.ReservaDAOTest" name="given_Viaje_when_CheckIfNotEmpty_then_ReturnsFalseIfHasReservations" time="0.439"/>
  <testcase classname="Prueba1B2024B.ReservaDAOTest" name="given_Reservas_when_ReadAll_then_AllReservasAreReturned" time="0.504"/>
  <testcase classname="Prueba1B2024B.ReservaDAOTest" name="given_Reserva_when_Create_then_ReservaIsCreatedSuccessfully" time="0.333"/>
  <testcase classname="Prueba1B2024B.ReservaDAOTest" name="given_ExistingId_when_GetById_then_ReservaIsReturned" time="0.385"/>
  <testcase classname="Prueba1B2024B.ReservaDAOTest" name="given_Viaje_when_CheckIfEmpty_then_ReturnsTrueIfNoReservations" time="0.391"/>
  <testcase classname="Prueba1B2024B.ReservaDAOTest" name="given_ReadError_when_ReadAll_then_ExceptionIsThrown" time="0.366"/>
  <testcase classname="Prueba1B2024B.ReservaDAOTest" name="given_Viaje_when_ListPassengers_then_ReturnsCorrectPassengers" time="0.268"/>
  <testcase classname="Prueba1B2024B.ReservaDAOTest" name="given_Viaje_when_ListPassengersOnEmptyViaje_then_ReturnsEmptyList" time="0.286"/>
</testsuite>